TN:
SF:jpex/grequire.js
FN:3,(anonymous_1)
FNF:1
FNH:1
FNDA:181,(anonymous_1)
DA:1,161
DA:3,161
DA:4,181
DA:5,181
LF:4
LH:4
BRF:0
BRH:0
end_of_record
TN:
SF:jpex/index.js
FNF:0
FNH:0
DA:1,160
LF:1
LH:1
BRF:0
BRH:0
end_of_record
TN:
SF:jpex/lib/class/index.js
FN:5,(anonymous_1)
FN:6,(anonymous_2)
FN:16,extend
FN:28,createOptions
FN:69,createClass
FN:106,classBody
FN:108,(anonymous_7)
FN:144,bindToInstance
FN:153,setPrivates
FN:156,setFactories
FNF:10
FNH:10
FNDA:160,(anonymous_1)
FNDA:1,(anonymous_2)
FNDA:507,extend
FNDA:507,createOptions
FNDA:507,createClass
FNDA:507,classBody
FNDA:245,(anonymous_7)
FNDA:5,bindToInstance
FNDA:507,setPrivates
FNDA:507,setFactories
DA:1,160
DA:2,160
DA:3,160
DA:5,160
DA:6,160
DA:7,160
DA:8,160
DA:10,160
DA:11,160
DA:13,160
DA:16,1
DA:17,507
DA:18,507
DA:20,507
DA:22,507
DA:23,507
DA:25,507
DA:28,1
DA:30,507
DA:41,507
DA:42,53
DA:43,101
DA:44,101
DA:50,507
DA:51,223
DA:53,284
DA:55,507
DA:56,271
DA:59,507
DA:60,507
DA:62,507
DA:63,506
DA:66,507
DA:69,1
DA:70,507
DA:73,507
DA:76,507
DA:77,8
DA:80,507
DA:83,507
DA:84,5
DA:88,507
DA:89,1870
DA:90,1869
DA:94,507
DA:96,13
DA:99,10
DA:103,507
DA:106,1
DA:107,507
DA:108,507
DA:109,245
DA:111,245
DA:114,220
DA:115,10
DA:119,220
DA:120,5
DA:123,220
DA:124,204
DA:128,216
DA:129,1
DA:133,29
DA:134,29
DA:135,3
DA:137,26
DA:142,507
DA:144,1
DA:145,5
DA:146,5
DA:147,1
DA:148,1
DA:150,5
DA:151,11
DA:153,1
DA:154,507
DA:156,1
DA:157,507
LF:77
LH:77
BRDA:31,1,0,217
BRDA:31,1,1,290
BRDA:32,2,0,507
BRDA:32,2,1,290
BRDA:32,2,2,53
BRDA:41,3,0,53
BRDA:41,3,1,454
BRDA:41,4,0,507
BRDA:41,4,1,270
BRDA:43,5,0,101
BRDA:43,5,1,0
BRDA:50,6,0,223
BRDA:50,6,1,284
BRDA:50,7,0,507
BRDA:50,7,1,270
BRDA:50,7,2,230
BRDA:55,8,0,271
BRDA:55,8,1,236
BRDA:59,9,0,507
BRDA:59,9,1,0
BRDA:62,10,0,506
BRDA:62,10,1,1
BRDA:76,11,0,6
BRDA:76,11,1,501
BRDA:83,12,0,3
BRDA:83,12,1,504
BRDA:89,13,0,1869
BRDA:89,13,1,1
BRDA:114,14,0,10
BRDA:114,14,1,210
BRDA:114,15,0,220
BRDA:114,15,1,11
BRDA:119,16,0,5
BRDA:119,16,1,215
BRDA:123,17,0,204
BRDA:123,17,1,16
BRDA:128,18,0,1
BRDA:128,18,1,215
BRDA:134,19,0,3
BRDA:134,19,1,26
BRDA:146,20,0,1
BRDA:146,20,1,4
BRF:42
BRH:40
end_of_record
TN:
SF:jpex/lib/resolver/index.js
FN:4,(anonymous_1)
FN:33,(anonymous_2)
FN:38,(anonymous_3)
FN:43,resolveMany
FN:68,resolveDependency
FN:111,(anonymous_6)
FN:173,checkOptional
FN:187,checkAncestoral
FNF:8
FNH:8
FNDA:785,(anonymous_1)
FNDA:245,(anonymous_2)
FNDA:29,(anonymous_3)
FNDA:353,resolveMany
FNDA:407,resolveDependency
FNDA:3,(anonymous_6)
FNDA:398,checkOptional
FNDA:407,checkAncestoral
DA:1,160
DA:2,160
DA:4,160
DA:5,785
DA:12,785
DA:15,785
DA:16,785
DA:17,785
DA:20,785
DA:21,111
DA:22,111
DA:26,674
DA:27,674
DA:33,160
DA:34,245
DA:38,160
DA:39,29
DA:43,1
DA:44,353
DA:45,23
DA:47,330
DA:48,222
DA:50,330
DA:51,174
DA:54,330
DA:55,369
DA:56,2
DA:58,367
DA:62,303
DA:68,1
DA:69,407
DA:71,407
DA:72,17
DA:75,407
DA:76,407
DA:77,9
DA:78,9
DA:79,9
DA:82,398
DA:83,398
DA:84,64
DA:85,64
DA:88,398
DA:89,398
DA:90,63
DA:91,63
DA:92,15
DA:93,15
DA:94,15
DA:95,15
DA:100,398
DA:101,2
DA:103,396
DA:104,8
DA:108,388
DA:109,63
DA:110,63
DA:111,36
DA:112,3
DA:113,2
DA:118,325
DA:120,388
DA:121,46
DA:122,35
DA:126,342
DA:127,1
DA:131,341
DA:132,337
DA:133,27
DA:136,310
DA:137,38
DA:141,272
DA:142,95
DA:143,95
DA:144,85
DA:145,85
DA:148,177
DA:151,177
DA:152,108
DA:153,108
DA:156,2
DA:157,1
DA:159,1
DA:164,175
DA:166,175
DA:167,175
DA:169,175
DA:173,1
DA:174,398
DA:175,73
DA:176,73
DA:177,64
DA:178,64
DA:179,64
DA:180,64
DA:183,334
DA:187,1
DA:188,407
DA:189,9
LF:99
LH:99
BRDA:20,1,0,111
BRDA:20,1,1,674
BRDA:20,2,0,785
BRDA:20,2,1,125
BRDA:20,2,2,108
BRDA:22,3,0,111
BRDA:22,3,1,0
BRDA:27,4,0,125
BRDA:27,4,1,549
BRDA:44,5,0,23
BRDA:44,5,1,330
BRDA:44,6,0,353
BRDA:44,6,1,353
BRDA:47,7,0,222
BRDA:47,7,1,108
BRDA:50,8,0,174
BRDA:50,8,1,156
BRDA:55,9,0,2
BRDA:55,9,1,367
BRDA:71,10,0,17
BRDA:71,10,1,390
BRDA:76,11,0,9
BRDA:76,11,1,398
BRDA:78,12,0,9
BRDA:78,12,1,0
BRDA:83,13,0,64
BRDA:83,13,1,334
BRDA:89,14,0,63
BRDA:89,14,1,335
BRDA:91,15,0,15
BRDA:91,15,1,48
BRDA:91,16,0,63
BRDA:91,16,1,63
BRDA:100,17,0,2
BRDA:100,17,1,396
BRDA:103,18,0,8
BRDA:103,18,1,388
BRDA:108,19,0,63
BRDA:108,19,1,325
BRDA:110,20,0,36
BRDA:110,20,1,27
BRDA:112,21,0,2
BRDA:112,21,1,1
BRDA:120,22,0,46
BRDA:120,22,1,342
BRDA:126,23,0,1
BRDA:126,23,1,341
BRDA:132,24,0,27
BRDA:132,24,1,310
BRDA:136,25,0,38
BRDA:136,25,1,272
BRDA:141,26,0,95
BRDA:141,26,1,177
BRDA:151,27,0,108
BRDA:151,27,1,69
BRDA:151,28,0,177
BRDA:151,28,1,108
BRDA:156,29,0,1
BRDA:156,29,1,1
BRDA:174,30,0,73
BRDA:174,30,1,325
BRDA:176,31,0,64
BRDA:176,31,1,9
BRDA:188,32,0,9
BRDA:188,32,1,398
BRF:65
BRH:63
end_of_record
TN:
SF:jpex/lib/resolver/interface.js
FN:1,(anonymous_1)
FN:5,(anonymous_2)
FN:23,(anonymous_3)
FN:24,(anonymous_4)
FN:47,(anonymous_5)
FN:63,crossReferenceInterface
FN:99,(anonymous_7)
FN:127,listInterfaces
FN:130,(anonymous_9)
FNF:9
FNH:9
FNDA:405,(anonymous_1)
FNDA:394,(anonymous_2)
FNDA:63,(anonymous_3)
FNDA:391,(anonymous_4)
FNDA:323,(anonymous_5)
FNDA:193,crossReferenceInterface
FNDA:85,(anonymous_7)
FNDA:179,listInterfaces
FNDA:181,(anonymous_9)
DA:1,160
DA:2,405
DA:5,160
DA:6,394
DA:9,394
DA:10,79
DA:14,315
DA:15,176
DA:16,176
DA:19,315
DA:23,160
DA:24,63
DA:25,391
DA:29,63
DA:31,144
DA:32,32
DA:35,112
DA:37,112
DA:38,31
DA:40,81
DA:44,32
DA:47,160
DA:48,323
DA:49,255
DA:51,68
DA:53,68
DA:54,21
DA:55,21
DA:58,47
DA:59,7
DA:63,1
DA:64,193
DA:65,193
DA:66,193
DA:68,193
DA:69,54
DA:71,20
DA:72,3
DA:73,3
DA:75,17
DA:78,9
DA:79,20
DA:80,20
DA:81,13
DA:83,7
DA:86,2
DA:90,164
DA:92,29
DA:93,29
DA:96,135
DA:99,88
DA:100,85
DA:101,85
DA:102,18
DA:105,88
DA:108,22
DA:110,12
DA:112,10
DA:113,10
DA:114,20
DA:115,20
DA:116,5
DA:119,10
DA:122,123
DA:123,23
DA:127,1
DA:128,179
DA:130,179
DA:131,181
DA:132,181
DA:133,3
DA:134,3
DA:135,3
DA:140,179
LF:74
LH:74
BRDA:9,1,0,79
BRDA:9,1,1,315
BRDA:9,2,0,394
BRDA:9,2,1,393
BRDA:9,2,2,316
BRDA:14,3,0,176
BRDA:14,3,1,139
BRDA:31,4,0,32
BRDA:31,4,1,112
BRDA:37,5,0,31
BRDA:37,5,1,81
BRDA:48,6,0,255
BRDA:48,6,1,68
BRDA:53,7,0,21
BRDA:53,7,1,47
BRDA:58,8,0,7
BRDA:58,8,1,40
BRDA:68,9,0,54
BRDA:68,9,1,139
BRDA:69,10,0,20
BRDA:69,10,1,9
BRDA:71,11,0,3
BRDA:71,11,1,17
BRDA:80,12,0,13
BRDA:80,12,1,7
BRDA:90,13,0,29
BRDA:90,13,1,135
BRDA:96,14,0,30
BRDA:96,14,1,88
BRDA:96,14,2,22
BRDA:101,15,0,18
BRDA:101,15,1,67
BRDA:108,16,0,12
BRDA:108,16,1,10
BRDA:108,17,0,22
BRDA:108,17,1,12
BRDA:115,18,0,5
BRDA:115,18,1,15
BRDA:122,19,0,23
BRDA:122,19,1,100
BRDA:132,20,0,3
BRDA:132,20,1,178
BRDA:132,21,0,181
BRDA:132,21,1,159
BRDA:132,21,2,3
BRDA:134,22,0,3
BRDA:134,22,1,0
BRDA:134,23,0,3
BRDA:134,23,1,3
BRF:49
BRH:48
end_of_record
TN:
SF:jpex/lib/resolver/factories.js
FN:2,(anonymous_1)
FN:27,(anonymous_2)
FN:49,isValidFactory
FNF:3
FNH:3
FNDA:341,(anonymous_1)
FNDA:260,(anonymous_2)
FNDA:765,isValidFactory
DA:2,160
DA:3,341
DA:5,341
DA:6,336
DA:8,336
DA:9,46
DA:11,46
DA:12,42
DA:14,42
DA:15,31
DA:16,27
DA:18,4
DA:24,310
DA:27,160
DA:28,260
DA:30,131
DA:31,131
DA:32,131
DA:34,16
DA:38,16
DA:40,38
DA:42,75
DA:43,75
DA:45,260
DA:49,1
DA:50,765
LF:26
LH:26
BRDA:5,1,0,336
BRDA:5,1,1,5
BRDA:8,2,0,46
BRDA:8,2,1,290
BRDA:11,3,0,42
BRDA:11,3,1,4
BRDA:14,4,0,31
BRDA:14,4,1,11
BRDA:15,5,0,27
BRDA:15,5,1,4
BRDA:28,6,0,131
BRDA:28,6,1,16
BRDA:28,6,2,38
BRDA:28,6,3,75
BRDA:50,7,0,765
BRDA:50,7,1,310
BRDA:50,7,2,198
BRDA:50,7,3,112
BRDA:50,7,4,5
BRF:19
BRH:19
end_of_record
TN:
SF:jpex/lib/class/privates.js
FN:8,(anonymous_1)
FN:18,(anonymous_2)
FN:28,(anonymous_3)
FN:48,(anonymous_4)
FN:60,(anonymous_5)
FN:68,(anonymous_6)
FN:70,(anonymous_7)
FN:87,(anonymous_8)
FN:98,(anonymous_9)
FNF:9
FNH:9
FNDA:991,(anonymous_1)
FNDA:1179,(anonymous_2)
FNDA:107,(anonymous_3)
FNDA:42,(anonymous_4)
FNDA:20,(anonymous_5)
FNDA:18,(anonymous_6)
FNDA:1,(anonymous_7)
FNDA:14,(anonymous_8)
FNDA:507,(anonymous_9)
DA:4,160
DA:9,991
DA:10,683
DA:12,308
DA:13,261
DA:15,47
DA:19,1179
DA:20,229
DA:22,950
DA:23,593
DA:25,357
DA:29,107
DA:30,107
DA:31,107
DA:32,6
DA:33,6
DA:34,4
DA:35,4
DA:41,103
DA:42,61
DA:45,42
DA:49,42
DA:50,42
DA:51,11
DA:52,11
DA:61,20
DA:62,10
DA:65,20
DA:67,20
DA:68,10
DA:69,18
DA:70,1
DA:71,1
DA:72,1
DA:74,1
DA:77,17
DA:78,6
DA:80,17
DA:85,20
DA:88,14
DA:89,2
DA:91,14
DA:92,14
DA:99,507
DA:100,2028
DA:105,507
DA:106,0
DA:109,507
DA:117,99
LF:49
LH:48
BRDA:9,1,0,683
BRDA:9,1,1,308
BRDA:12,2,0,261
BRDA:12,2,1,47
BRDA:19,3,0,229
BRDA:19,3,1,950
BRDA:22,4,0,593
BRDA:22,4,1,357
BRDA:41,5,0,61
BRDA:41,5,1,42
BRDA:61,6,0,10
BRDA:61,6,1,10
BRDA:61,7,0,20
BRDA:61,7,1,10
BRDA:67,8,0,10
BRDA:67,8,1,10
BRDA:67,9,0,20
BRDA:67,9,1,11
BRDA:69,10,0,1
BRDA:69,10,1,17
BRDA:71,11,0,1
BRDA:71,11,1,0
BRDA:71,12,0,1
BRDA:71,12,1,1
BRDA:77,13,0,6
BRDA:77,13,1,11
BRDA:77,14,0,17
BRDA:77,14,1,6
BRDA:88,15,0,2
BRDA:88,15,1,12
BRDA:88,16,0,14
BRDA:88,16,1,13
BRF:32
BRH:31
end_of_record
TN:
SF:jpex/lib/factories/index.js
FN:14,(anonymous_1)
FN:16,(anonymous_2)
FN:19,(anonymous_3)
FNF:3
FNH:3
FNDA:507,(anonymous_1)
FNDA:1,(anonymous_2)
FNDA:4563,(anonymous_3)
DA:2,160
DA:15,507
DA:16,507
DA:17,1
DA:19,507
DA:20,4563
DA:21,4563
DA:24,507
LF:8
LH:8
BRF:0
BRH:0
end_of_record
TN:
SF:jpex/lib/factories/constant.js
FN:4,(anonymous_1)
FNF:1
FNH:1
FNDA:794,(anonymous_1)
DA:1,160
DA:4,160
DA:5,794
DA:9,794
LF:4
LH:4
BRF:0
BRH:0
end_of_record
TN:
SF:jpex/lib/factories/wrapper.js
FN:1,(anonymous_1)
FN:3,(anonymous_2)
FN:8,(anonymous_3)
FN:12,(anonymous_4)
FN:16,(anonymous_5)
FN:20,(anonymous_6)
FNF:6
FNH:6
FNDA:3205,(anonymous_1)
FNDA:1320,(anonymous_2)
FNDA:1459,(anonymous_3)
FNDA:165,(anonymous_4)
FNDA:1077,(anonymous_5)
FNDA:164,(anonymous_6)
DA:1,160
DA:2,3205
DA:4,1320
DA:5,1320
DA:9,1459
DA:10,1459
DA:13,165
DA:14,165
DA:17,1077
DA:18,1077
DA:21,164
DA:22,164
DA:27,3205
LF:13
LH:13
BRDA:4,1,0,1320
BRDA:4,1,1,1320
BRF:2
BRH:2
end_of_record
TN:
SF:jpex/lib/factories/factory.js
FN:5,(anonymous_1)
FNF:1
FNH:1
FNDA:1083,(anonymous_1)
DA:1,160
DA:2,160
DA:5,160
DA:6,1083
DA:7,65
DA:8,65
DA:9,65
DA:12,1083
DA:13,1
DA:16,1082
DA:17,531
DA:19,551
DA:21,1082
DA:22,522
DA:25,1082
DA:30,1082
DA:32,1082
LF:17
LH:17
BRDA:6,1,0,65
BRDA:6,1,1,1018
BRDA:12,2,0,1
BRDA:12,2,1,1082
BRDA:16,3,0,531
BRDA:16,3,1,551
BRDA:21,4,0,522
BRDA:21,4,1,560
BRDA:32,5,0,10
BRDA:32,5,1,1072
BRF:10
BRH:10
end_of_record
TN:
SF:jpex/lib/factories/service.js
FN:5,(anonymous_1)
FN:26,factory
FN:38,jaas
FN:43,instantiator
FN:50,(anonymous_5)
FN:54,(anonymous_6)
FN:70,(anonymous_7)
FNF:7
FNH:7
FNDA:23,(anonymous_1)
FNDA:13,factory
FNDA:9,jaas
FNDA:8,instantiator
FNDA:11,(anonymous_5)
FNDA:1,(anonymous_6)
FNDA:5,(anonymous_7)
DA:1,160
DA:2,160
DA:5,160
DA:6,23
DA:7,17
DA:8,17
DA:9,17
DA:12,23
DA:13,1
DA:16,22
DA:17,9
DA:20,13
DA:21,2
DA:23,11
DA:26,1
DA:27,13
DA:28,13
DA:29,13
DA:32,13
DA:38,1
DA:40,9
DA:41,9
DA:43,1
DA:44,8
DA:46,8
DA:49,8
DA:50,8
DA:51,11
DA:53,3
DA:54,1
DA:55,1
DA:56,1
DA:57,1
DA:61,2
DA:62,2
DA:63,2
DA:69,8
DA:70,8
DA:71,5
DA:72,5
DA:73,5
DA:79,8
DA:82,9
DA:83,9
DA:84,1
DA:86,9
LF:46
LH:46
BRDA:6,1,0,17
BRDA:6,1,1,6
BRDA:12,2,0,1
BRDA:12,2,1,22
BRDA:16,3,0,9
BRDA:16,3,1,13
BRDA:16,4,0,22
BRDA:16,4,1,9
BRDA:16,4,2,9
BRDA:20,5,0,2
BRDA:20,5,1,11
BRDA:40,6,0,3
BRDA:40,6,1,6
BRDA:51,7,0,8
BRDA:51,7,1,3
BRDA:53,8,0,1
BRDA:53,8,1,2
BRDA:56,9,0,1
BRDA:56,9,1,0
BRDA:62,10,0,2
BRDA:62,10,1,0
BRDA:69,11,0,8
BRDA:69,11,1,0
BRDA:69,12,0,8
BRDA:69,12,1,8
BRDA:72,13,0,5
BRDA:72,13,1,0
BRDA:83,14,0,1
BRDA:83,14,1,8
BRF:29
BRH:25
end_of_record
TN:
SF:jpex/lib/instantiator.js
FN:1,(anonymous_1)
FNF:1
FNH:1
FNDA:28,(anonymous_1)
DA:1,160
DA:2,28
LF:2
LH:2
BRF:0
BRH:0
end_of_record
TN:
SF:jpex/lib/factories/enum.js
FN:2,(anonymous_1)
FN:8,(anonymous_2)
FN:11,(anonymous_3)
FNF:3
FNH:3
FNDA:8,(anonymous_1)
FNDA:17,(anonymous_2)
FNDA:8,(anonymous_3)
DA:2,160
DA:3,8
DA:5,8
DA:6,8
DA:8,8
DA:9,17
DA:11,4
DA:12,8
DA:13,8
DA:14,8
DA:15,8
DA:18,4
DA:21,13
DA:22,13
DA:26,8
DA:28,8
LF:16
LH:16
BRDA:9,1,0,4
BRDA:9,1,1,13
BRDA:9,1,2,13
BRDA:14,2,0,8
BRDA:14,2,1,0
BRDA:14,3,0,8
BRDA:14,3,1,8
BRF:7
BRH:6
end_of_record
TN:
SF:jpex/lib/factories/file.js
FN:4,(anonymous_1)
FNF:1
FNH:1
FNDA:4,(anonymous_1)
DA:1,160
DA:4,160
DA:5,4
LF:3
LH:3
BRF:0
BRH:0
end_of_record
TN:
SF:jpex/lib/factories/folder.js
FN:1,(anonymous_1)
FNF:1
FNH:1
FNDA:11,(anonymous_1)
DA:1,160
DA:2,11
DA:3,0
DA:6,11
DA:7,10
DA:10,11
LF:6
LH:5
BRDA:2,1,0,0
BRDA:2,1,1,11
BRDA:2,2,0,11
BRDA:2,2,1,0
BRDA:6,3,0,10
BRDA:6,3,1,1
BRF:6
BRH:4
end_of_record
TN:
SF:jpex/lib/factories/nodemodule.js
FN:1,(anonymous_1)
FNF:1
FNH:1
FNDA:1,(anonymous_1)
DA:1,160
DA:2,1
LF:2
LH:2
BRF:0
BRH:0
end_of_record
TN:
SF:jpex/lib/factories/errortype.js
FN:1,(anonymous_1)
FN:11,(anonymous_2)
FN:12,(anonymous_3)
FN:22,(anonymous_4)
FNF:4
FNH:4
FNDA:13,(anonymous_1)
FNDA:9,(anonymous_2)
FNDA:9,(anonymous_3)
FNDA:6,(anonymous_4)
DA:1,160
DA:3,13
DA:4,13
DA:7,13
DA:10,13
DA:11,13
DA:12,9
DA:13,9
DA:16,9
DA:21,13
DA:22,13
DA:23,6
DA:29,13
LF:13
LH:13
BRDA:3,1,0,13
BRDA:3,1,1,0
BRDA:10,2,0,13
BRDA:10,2,1,0
BRDA:21,3,0,13
BRDA:21,3,1,0
BRF:6
BRH:3
end_of_record
TN:
SF:jpex/lib/factories/interface.js
FN:11,(anonymous_1)
FN:14,(anonymous_2)
FN:15,(anonymous_3)
FN:16,(anonymous_4)
FN:21,(anonymous_5)
FN:29,(anonymous_6)
FN:36,(anonymous_7)
FNF:7
FNH:6
FNDA:2,(anonymous_1)
FNDA:481,(anonymous_2)
FNDA:0,(anonymous_3)
FNDA:1761,(anonymous_4)
FNDA:5,(anonymous_5)
FNDA:816,(anonymous_6)
FNDA:1329,(anonymous_7)
DA:1,160
DA:2,160
DA:12,2
DA:15,481
DA:16,481
DA:17,1761
DA:19,481
DA:22,5
DA:23,5
DA:24,1
DA:26,4
DA:27,4
DA:30,816
DA:31,816
DA:32,816
DA:36,160
DA:37,1329
DA:38,5
DA:40,1329
DA:45,1329
LF:20
LH:20
BRDA:23,1,0,1
BRDA:23,1,1,4
BRDA:37,2,0,5
BRDA:37,2,1,1324
BRF:4
BRH:4
end_of_record
TN:
SF:jpex/lib/class/static.js
FN:7,(anonymous_1)
FN:14,(anonymous_2)
FN:34,(anonymous_3)
FN:58,(anonymous_4)
FNF:4
FNH:4
FNDA:10,(anonymous_1)
FNDA:2,(anonymous_2)
FNDA:426,(anonymous_3)
FNDA:160,(anonymous_4)
DA:4,160
DA:8,10
DA:9,10
DA:11,10
DA:13,2
DA:14,2
DA:15,2
DA:17,2
DA:20,7
DA:23,1
DA:24,1
DA:25,1
DA:26,1
DA:29,6
DA:35,426
DA:37,239
DA:38,9
DA:40,230
DA:41,84
DA:43,146
DA:44,4
DA:46,142
DA:47,4
DA:49,138
DA:51,187
DA:59,160
DA:60,320
DA:62,160
DA:63,0
LF:29
LH:28
BRDA:11,1,0,2
BRDA:11,1,1,1
BRDA:11,1,2,1
BRDA:11,1,3,6
BRDA:24,2,0,1
BRDA:24,2,1,0
BRDA:25,3,0,1
BRDA:25,3,1,0
BRDA:35,4,0,239
BRDA:35,4,1,187
BRDA:37,5,0,9
BRDA:37,5,1,230
BRDA:40,6,0,84
BRDA:40,6,1,146
BRDA:43,7,0,4
BRDA:43,7,1,142
BRDA:46,8,0,4
BRDA:46,8,1,138
BRF:18
BRH:16
end_of_record
TN:
SF:jpex/lib/defaults/index.js
FN:11,(anonymous_1)
FNF:1
FNH:1
FNDA:160,(anonymous_1)
DA:1,160
DA:12,160
DA:13,1120
LF:3
LH:3
BRF:0
BRH:0
end_of_record
TN:
SF:jpex/lib/defaults/log.js
FN:1,(anonymous_1)
FN:11,(anonymous_2)
FN:12,(anonymous_3)
FNF:3
FNH:3
FNDA:160,(anonymous_1)
FNDA:4,(anonymous_2)
FNDA:1,(anonymous_3)
DA:1,160
DA:2,160
DA:10,160
DA:12,4
DA:13,1
DA:15,4
DA:16,4
DA:17,4
DA:18,4
DA:19,4
LF:10
LH:10
BRF:0
BRH:0
end_of_record
TN:
SF:jpex/lib/defaults/timeout.js
FN:1,(anonymous_1)
FNF:1
FNH:1
FNDA:160,(anonymous_1)
DA:1,160
DA:2,160
DA:3,160
DA:4,160
DA:5,160
DA:7,160
DA:8,160
DA:9,160
DA:10,160
LF:9
LH:9
BRF:0
BRH:0
end_of_record
TN:
SF:jpex/lib/defaults/promise.js
FN:1,(anonymous_1)
FN:11,(anonymous_2)
FN:12,(anonymous_3)
FNF:3
FNH:3
FNDA:160,(anonymous_1)
FNDA:7,(anonymous_2)
FNDA:3,(anonymous_3)
DA:1,160
DA:2,160
DA:10,160
DA:12,7
DA:13,3
DA:15,7
DA:16,7
DA:17,7
DA:18,7
DA:19,7
LF:10
LH:10
BRF:0
BRH:0
end_of_record
TN:
SF:jpex/lib/defaults/fs.js
FN:1,(anonymous_1)
FN:2,(anonymous_2)
FN:11,(anonymous_3)
FN:17,(anonymous_4)
FN:25,(anonymous_5)
FN:37,(anonymous_6)
FN:38,(anonymous_7)
FN:40,(anonymous_8)
FN:41,(anonymous_9)
FN:56,(anonymous_10)
FNF:10
FNH:10
FNDA:160,(anonymous_1)
FNDA:160,(anonymous_2)
FNDA:5440,(anonymous_3)
FNDA:800,(anonymous_4)
FNDA:5,(anonymous_5)
FNDA:170,(anonymous_6)
FNDA:2,(anonymous_7)
FNDA:2,(anonymous_8)
FNDA:2,(anonymous_9)
FNDA:25,(anonymous_10)
DA:1,160
DA:2,160
DA:3,160
DA:4,160
DA:12,5440
DA:15,160
DA:18,800
DA:21,160
DA:24,160
DA:27,5
DA:30,5
DA:38,170
DA:39,2
DA:40,2
DA:41,2
DA:42,2
DA:43,1
DA:45,1
DA:48,2
DA:54,5
DA:57,25
DA:58,25
DA:60,0
DA:65,5
LF:24
LH:23
BRDA:42,1,0,1
BRDA:42,1,1,1
BRDA:57,2,0,25
BRDA:57,2,1,0
BRF:4
BRH:3
end_of_record
TN:
SF:jpex/lib/defaults/error.js
FN:1,(anonymous_1)
FN:9,(anonymous_2)
FNF:2
FNH:2
FNDA:160,(anonymous_1)
FNDA:17,(anonymous_2)
DA:1,160
DA:2,160
DA:8,160
DA:10,17
LF:4
LH:4
BRF:0
BRH:0
end_of_record
TN:
SF:jpex/lib/defaults/errorFactory.js
FN:3,(anonymous_1)
FN:5,(anonymous_2)
FN:7,(anonymous_3)
FN:12,(anonymous_4)
FN:13,(anonymous_5)
FN:29,(anonymous_6)
FN:35,(anonymous_7)
FNF:7
FNH:7
FNDA:160,(anonymous_1)
FNDA:23,(anonymous_2)
FNDA:2,(anonymous_3)
FNDA:47,(anonymous_4)
FNDA:16,(anonymous_5)
FNDA:15,(anonymous_6)
FNDA:8,(anonymous_7)
DA:1,160
DA:3,160
DA:4,160
DA:7,23
DA:8,2
DA:12,23
DA:13,47
DA:14,16
DA:15,16
DA:17,16
DA:18,16
DA:20,0
DA:23,16
DA:24,13
DA:27,47
DA:28,47
DA:29,47
DA:30,15
DA:31,15
DA:32,15
DA:33,15
DA:35,47
DA:36,8
DA:39,47
DA:40,47
DA:43,23
DA:45,23
LF:27
LH:26
BRDA:17,1,0,16
BRDA:17,1,1,0
BRDA:23,2,0,13
BRDA:23,2,1,3
BRF:4
BRH:3
end_of_record
TN:
SF:jpex/lib/defaults/require.js
FN:1,(anonymous_1)
FN:2,(anonymous_2)
FN:3,(anonymous_3)
FNF:3
FNH:3
FNDA:160,(anonymous_1)
FNDA:2,(anonymous_2)
FNDA:1,(anonymous_3)
DA:1,160
DA:2,160
DA:3,2
DA:4,1
DA:5,1
LF:5
LH:5
BRF:0
BRH:0
end_of_record
TN:
SF:jpex/test.js
FNF:0
FNH:0
LF:0
LH:0
BRF:0
BRH:0
end_of_record
